set title 'CWND of Cubic'
set xlabel 'Time (s)'
set ylabel 'CWND'
plot '-' title 'CWND' with lines
0.280186 1000
0.362045 2000
0.445504 3000
0.528963 4000
0.610736 5000
0.614109 6000
0.694195 7000
0.697568 8000
0.700941 9000
0.777654 10000
0.781027 11000
0.7844 12000
0.787773 13000
0.859427 14000
0.8628 15000
0.866173 16000
0.869546 17000
0.872918 18000
0.876291 19000
0.9412 20000
0.944573 21000
0.947946 22000
0.951318 23000
0.954691 24000
0.958064 25000
0.961437 26000
0.96481 27000
0.968182 28000
1.02297 29000
1.02635 30000
1.02972 31000
1.03309 32000
1.03646 33000
1.03984 34000
1.04321 35000
1.04658 36000
1.04996 37000
1.05333 38000
1.0567 39000
1.06007 40000
1.06345 41000
1.06682 42000
1.10643 43000
1.1098 44000
1.11318 45000
1.11655 46000
1.11992 47000
1.1233 48000
1.12667 49000
1.13004 50000
1.13341 51000
1.13679 52000
1.14016 53000
1.14353 54000
1.14691 55000
1.15028 56000
1.16177 57000
1.17777 58000
1.19377 59000
1.20977 60000
1.22577 61000
1.24177 62000
1.25777 63000
1.27377 64000
1.28977 65000
1.30577 66000
1.32177 67000
1.33777 68000
1.35377 69000
1.36977 70000
1.38577 71000
1.40177 72000
1.41777 73000
1.43377 74000
1.44977 75000
1.46577 76000
1.48177 77000
1.49777 78000
1.51377 79000
1.52977 80000
1.54577 81000
1.56177 82000
1.57777 83000
1.59377 84000
1.60977 85000
1.62577 86000
1.64177 87000
1.65777 88000
1.67377 89000
1.68977 90000
1.70577 91000
1.72177 92000
1.73777 93000
1.75377 94000
1.76977 95000
1.78577 96000
1.80177 97000
1.81777 98000
1.83377 99000
1.84977 100000
1.86577 101000
1.88177 102000
1.89777 103000
1.91377 104000
1.92977 105000
1.94577 106000
1.96177 107000
1.97777 108000
1.99377 109000
2.00977 110000
2.02577 111000
2.04177 112000
2.05777 113000
2.07377 114000
2.08977 115000
2.10577 116000
2.12177 117000
2.13777 118000
2.15377 119000
2.16977 120000
2.18577 121000
2.20177 122000
2.21777 123000
2.23377 124000
2.24977 125000
2.26577 126000
2.28177 127000
2.29777 128000
2.31377 129000
2.32977 130000
2.34577 131000
2.36177 132000
2.37777 133000
2.39377 134000
2.40977 135000
2.42577 136000
2.44177 137000
2.45777 138000
2.47377 139000
2.48977 140000
2.50577 141000
2.52177 142000
2.53777 143000
2.55377 144000
2.56977 145000
2.58577 146000
2.60177 147000
2.61777 148000
2.63377 149000
2.64977 150000
2.66577 151000
2.68177 152000
2.69777 153000
2.71377 154000
2.72977 155000
2.74577 156000
2.76177 157000
2.77777 158000
2.79377 159000
2.80977 160000
2.82577 161000
2.84177 162000
2.85777 163000
2.87377 164000
2.88977 165000
2.90577 166000
2.92177 167000
2.93777 168000
2.95377 169000
2.96977 170000
2.98577 171000
3.00177 172000
3.01777 173000
3.03377 174000
3.04977 175000
3.06577 176000
3.08177 177000
3.09777 178000
3.11377 179000
3.12977 180000
3.14577 181000
3.16177 182000
3.17777 183000
3.19377 184000
3.20977 185000
3.22577 186000
3.24177 187000
3.25777 188000
3.27377 189000
3.28977 190000
3.30577 191000
3.32177 192000
3.33777 193000
3.35377 194000
3.36977 195000
3.38577 196000
3.40177 197000
3.41777 198000
3.43377 199000
3.44977 200000
3.46577 201000
3.48177 202000
3.49777 203000
3.51377 204000
3.52977 205000
3.54577 206000
3.56177 207000
3.57777 208000
3.59377 209000
3.60977 210000
3.62577 211000
3.64177 212000
3.65777 213000
3.67377 214000
3.68977 215000
3.70577 216000
3.72177 217000
3.73777 218000
3.75377 219000
3.76977 220000
3.78577 221000
3.80177 222000
3.81777 223000
3.83377 224000
3.84977 225000
3.86577 226000
3.88177 227000
3.89777 228000
3.91377 229000
3.92977 230000
3.94577 231000
3.96177 232000
3.97777 233000
3.99377 234000
4.00977 235000
4.02577 236000
4.04177 237000
4.05777 238000
4.07377 239000
4.08977 240000
4.10577 241000
4.12177 242000
4.13777 243000
4.15377 244000
4.16977 245000
4.18577 246000
4.20177 247000
4.21777 248000
4.23377 249000
4.24977 250000
4.26577 251000
4.28177 252000
4.29777 253000
4.31377 254000
4.32977 255000
4.34577 256000
4.36177 257000
4.37777 258000
4.39377 259000
4.40977 260000
4.42577 261000
4.44177 262000
4.45777 263000
4.47377 264000
4.48977 265000
4.50577 266000
4.52177 267000
4.53777 268000
4.55377 269000
4.56977 270000
4.58577 271000
4.60177 272000
4.61777 273000
4.63377 274000
4.64977 275000
4.66577 276000
4.68177 277000
4.69777 278000
4.71377 279000
4.72977 280000
4.74577 281000
4.76177 282000
4.77777 283000
4.79377 284000
4.80977 285000
4.82577 286000
4.84177 287000
4.85777 288000
4.87377 289000
4.88977 290000
4.90577 291000
4.92177 292000
4.93777 293000
4.95377 294000
4.96977 295000
4.98577 296000
5.00177 297000
5.01777 298000
5.03377 299000
5.04977 300000
5.06577 301000
5.08177 302000
5.09777 303000
5.11377 304000
5.12977 305000
5.14577 306000
5.16177 307000
5.17777 308000
5.19377 309000
5.20977 310000
5.22577 311000
5.24177 312000
5.25777 313000
5.27377 314000
5.28977 315000
5.30577 316000
5.32177 317000
5.33777 318000
5.35377 319000
5.36977 320000
5.38577 321000
5.40177 322000
5.41777 323000
5.43377 324000
5.44977 325000
5.46577 326000
5.48177 327000
5.49777 328000
5.51377 329000
5.52977 330000
5.54577 331000
5.56177 332000
5.57777 333000
5.59377 334000
5.60977 335000
5.62577 336000
5.64177 337000
5.65777 338000
5.67377 339000
5.68977 340000
5.70577 341000
5.72177 342000
5.73777 343000
5.75377 344000
5.76977 345000
5.78577 346000
5.80177 347000
5.81777 348000
5.83377 349000
5.84977 350000
5.86577 351000
5.88177 352000
5.89777 353000
5.91377 354000
5.92977 355000
5.94577 356000
5.96177 357000
5.97777 358000
5.99377 359000
6.00977 360000
6.02577 361000
6.04177 362000
6.05777 363000
6.07377 364000
6.08977 365000
6.10577 366000
6.12177 367000
6.13777 368000
6.15377 369000
6.16977 370000
6.18577 371000
6.20177 372000
6.21777 373000
6.23377 374000
6.24977 375000
6.26577 376000
6.28177 377000
6.29777 378000
6.31377 379000
6.32977 380000
6.34577 381000
6.36177 382000
6.37777 383000
6.39377 384000
6.40977 385000
6.42577 386000
6.44177 387000
6.45777 388000
6.47377 389000
6.48977 390000
6.50577 391000
6.52177 392000
6.53777 393000
6.55377 394000
6.56977 395000
6.58577 396000
6.60177 397000
6.61777 398000
6.63377 399000
6.64977 400000
6.66577 401000
6.68177 402000
6.69777 403000
6.71377 404000
6.72977 405000
6.74577 406000
6.76177 407000
6.77777 408000
6.79377 409000
6.80977 410000
6.82577 411000
6.84177 412000
6.85777 413000
6.87377 414000
6.88977 415000
6.90577 416000
6.92177 417000
6.93777 418000
6.95377 419000
6.96977 420000
6.98577 421000
7.00177 422000
7.01777 423000
7.03377 424000
7.04977 425000
7.06577 426000
7.08177 427000
7.09777 428000
7.11377 429000
7.12977 430000
7.14577 431000
7.16177 432000
7.17777 433000
7.19377 434000
7.20977 435000
7.22577 436000
7.24177 437000
7.25777 438000
7.27377 439000
7.28977 440000
7.30577 441000
7.32177 442000
7.33777 443000
7.35377 444000
7.36977 445000
7.38577 446000
7.40177 447000
7.41777 448000
7.43377 449000
7.44977 450000
7.46577 451000
7.48177 452000
7.49777 453000
7.51377 454000
7.52977 455000
7.54577 456000
7.56177 457000
7.57777 458000
7.59377 459000
7.60977 460000
7.62577 461000
7.64177 462000
7.65777 463000
7.67377 464000
7.68977 465000
7.70577 466000
7.72177 467000
7.73777 468000
7.75377 469000
7.76977 470000
7.78577 471000
7.80177 472000
7.81777 473000
7.83377 474000
7.84977 475000
7.86577 476000
7.88177 477000
7.89777 478000
7.91377 479000
7.92977 480000
7.94577 481000
7.96177 482000
7.97777 483000
7.99377 484000
8.00977 485000
8.02577 486000
8.04177 487000
8.05777 488000
8.07377 489000
8.08977 490000
8.10577 491000
8.12177 492000
8.13777 493000
8.15377 494000
8.16977 495000
8.18577 496000
8.20177 497000
8.21777 498000
8.23377 499000
8.24977 500000
8.26577 501000
8.28177 502000
8.29777 503000
8.31377 504000
8.32977 505000
8.34577 506000
8.36177 507000
8.37777 508000
8.39377 509000
8.40977 510000
8.42577 511000
8.44177 512000
8.45777 513000
8.47377 514000
8.48977 515000
8.50577 516000
8.52177 517000
8.53777 518000
8.55377 519000
8.56977 520000
8.58577 521000
8.60177 522000
8.61777 523000
8.63377 524000
8.64977 525000
8.66577 526000
8.68177 527000
8.69777 528000
8.71377 529000
8.72977 530000
8.74577 531000
8.76177 532000
8.77777 533000
8.79377 534000
8.80977 535000
8.82577 536000
8.84177 537000
8.85777 538000
8.87377 539000
8.88977 540000
8.90577 541000
8.92177 542000
8.93777 543000
8.95377 544000
8.96977 545000
8.98577 546000
9.00177 547000
9.01777 548000
9.03377 549000
9.04977 550000
9.06577 551000
9.08177 552000
9.09777 553000
9.11377 554000
9.12977 555000
9.14577 556000
9.16177 557000
9.17777 558000
9.19377 559000
9.20977 560000
9.22577 561000
9.24177 562000
9.25777 563000
9.27377 564000
9.28977 565000
9.30577 566000
9.32177 567000
9.33777 568000
9.35377 569000
9.36977 570000
9.38577 571000
9.40177 572000
9.41777 573000
9.43377 574000
9.44977 575000
9.46577 576000
9.48177 577000
9.49777 578000
9.51377 579000
9.52977 580000
9.54577 581000
9.56177 582000
9.57777 583000
9.59377 584000
9.60977 585000
9.62577 586000
9.64177 587000
9.65777 588000
9.67377 589000
9.68977 590000
9.70577 591000
9.72177 592000
9.73777 593000
9.75377 594000
9.76977 595000
9.78577 596000
9.80177 597000
9.81777 598000
9.83377 599000
9.84977 600000
9.86577 601000
9.88177 602000
9.89777 603000
9.91377 604000
9.92977 605000
9.94577 606000
9.96177 607000
9.97777 608000
9.99377 609000
10.0098 610000
10.0258 611000
10.0418 612000
10.0578 613000
10.0738 614000
10.0898 615000
10.1058 616000
10.1218 617000
10.1378 618000
10.1538 619000
10.1698 620000
10.1858 621000
10.2018 622000
10.2178 623000
10.2338 624000
10.2498 625000
10.2658 626000
10.2818 627000
10.2978 628000
10.3138 629000
10.3298 630000
10.3458 631000
10.3618 632000
10.3778 633000
10.3938 634000
10.4098 635000
10.4258 636000
10.4418 637000
10.4578 638000
10.4738 639000
10.4898 640000
10.5058 641000
10.5218 642000
10.5378 643000
10.5538 644000
10.5698 645000
10.5858 646000
10.6018 647000
10.6178 648000
10.6338 649000
10.6498 650000
10.6658 651000
10.6818 652000
10.6978 653000
10.7138 654000
10.7298 655000
10.7458 656000
10.7618 657000
10.7778 658000
10.7938 659000
10.8098 660000
10.8258 661000
10.8418 662000
10.8578 663000
10.8738 664000
10.8898 665000
10.9058 666000
10.9218 667000
10.9378 668000
10.9538 669000
10.9698 670000
10.9858 671000
11.0018 672000
11.0178 673000
11.0338 674000
11.0498 675000
11.0658 676000
11.0818 677000
11.0978 678000
11.1138 679000
11.1298 680000
11.1458 681000
11.1618 682000
11.1778 683000
11.1938 684000
11.2098 685000
11.2258 686000
11.2418 687000
11.2578 688000
11.2738 689000
11.2898 690000
11.3058 691000
11.3218 692000
11.3378 693000
11.3538 694000
11.3698 695000
11.3858 696000
11.4018 697000
11.4178 698000
11.4338 699000
11.4498 700000
11.4658 701000
11.4818 702000
11.4978 703000
11.5138 704000
11.5298 705000
11.5458 706000
11.5618 707000
11.5778 708000
11.5938 709000
11.6098 710000
11.6258 711000
11.6418 712000
11.6578 713000
11.6738 714000
11.6898 715000
11.7058 716000
11.7218 717000
11.7378 718000
11.7538 719000
11.7698 720000
11.7858 721000
11.8018 722000
11.8178 723000
11.8338 724000
11.8498 725000
11.8658 726000
11.8818 727000
11.8978 728000
11.9138 729000
11.9298 730000
11.9458 731000
11.9618 732000
11.9778 733000
11.9938 734000
12.0098 735000
12.0258 736000
12.0418 737000
12.0578 738000
12.0738 739000
12.0898 740000
12.1058 741000
12.1218 742000
12.1378 743000
12.1538 744000
12.1698 745000
12.1858 746000
12.2018 747000
12.2178 748000
12.2338 749000
12.2498 750000
12.2658 751000
12.2818 752000
12.2978 753000
12.3138 754000
12.3298 755000
12.3458 756000
12.3618 757000
12.3778 758000
12.3938 759000
12.4098 760000
12.4258 761000
12.4418 762000
12.4578 763000
12.4738 764000
12.4898 765000
12.5058 766000
12.5218 767000
12.5378 768000
12.5538 769000
12.5698 770000
12.5858 771000
12.6018 772000
12.6178 773000
12.6418 774000
12.6658 619000
12.9858 620000
13.1938 621000
13.3538 622000
13.4818 623000
13.6098 624000
13.7218 625000
13.8178 626000
13.9298 500000
14.1538 501000
14.3458 502000
14.5058 503000
14.6338 504000
14.7458 505000
14.8578 506000
14.9538 507000
15.0498 508000
15.1458 509000
15.2258 510000
15.3058 511000
15.3858 512000
15.4658 513000
15.5458 514000
15.6258 515000
15.7058 516000
15.7858 517000
15.8658 518000
15.9458 519000
16.0098 520000
16.0738 521000
16.1378 522000
16.2018 523000
16.2658 418000
16.5058 419000
16.6978 420000
16.8418 421000
16.9698 422000
17.0818 423000
17.1938 424000
17.2898 425000
17.3858 426000
17.4818 427000
17.5618 428000
17.6418 429000
17.7218 430000
17.8018 431000
17.8818 432000
17.9618 433000
18.0418 434000
18.1218 435000
18.2018 436000
18.2818 437000
18.3618 438000
18.4258 439000
18.4898 440000
18.5698 441000
18.6338 442000
18.6978 443000
18.7618 444000
18.8258 445000
18.8898 446000
18.9538 447000
19.0178 448000
19.0818 449000
19.1458 450000
19.2098 451000
19.2738 452000
19.3378 453000
19.4178 454000
19.4978 455000
19.5778 456000
19.6578 457000
19.7378 458000
19.8178 459000
19.8978 460000
19.9778 461000
20.0578 462000
20.1378 463000
20.2178 464000
20.2978 465000
20.3778 466000
20.4578 467000
20.5378 468000
20.6178 469000
20.6978 470000
20.7778 471000
20.8578 472000
20.9378 473000
21.0178 474000
21.0978 475000
21.1938 476000
21.2898 477000
21.3858 478000
21.4818 479000
21.5778 480000
21.6738 481000
21.7698 482000
21.8658 483000
21.9778 484000
22.0898 485000
22.2018 486000
22.3138 487000
22.4258 488000
22.5378 489000
22.6658 490000
22.9538 491000
23.2498 492000
23.2738 393000
23.5298 394000
23.5778 315000
23.8018 316000
23.9778 317000
24.1218 318000
24.2498 319000
24.3618 320000
24.4738 321000
24.5698 322000
24.6658 323000
24.7618 324000
24.8258 259000
25.0498 260000
25.2258 261000
25.3698 262000
25.4978 263000
25.6098 264000
25.7218 265000
25.8178 266000
25.9138 267000
26.0098 268000
26.0898 269000
26.1698 270000
26.2498 271000
26.3298 272000
26.4098 273000
26.4898 274000
26.5698 275000
26.6498 276000
26.7298 277000
26.8098 278000
26.8898 279000
26.9698 280000
27.0498 281000
27.1298 282000
27.2098 283000
27.2898 284000
27.3698 285000
27.4498 286000
27.5298 287000
27.6098 288000
27.6898 289000
27.7698 290000
27.8658 291000
27.9618 292000
28.0578 293000
28.1538 294000
28.2498 295000
28.3458 296000
28.4418 297000
28.5378 298000
28.6338 299000
28.7458 300000
28.8578 301000
28.9698 302000
29.0818 303000
29.2098 304000
29.3378 305000
29.4978 243000
29.6898 244000
29.8658 245000
30.0098 246000
30.1378 247000
30.2498 248000
30.3618 249000
30.4578 250000
30.5538 251000
30.6498 252000
30.7458 253000
30.8258 254000
30.9058 255000
30.9858 256000
31.0658 257000
31.1458 258000
31.2258 259000
31.3058 260000
31.3858 261000
31.4658 262000
31.5458 263000
31.6258 264000
31.7058 265000
31.7858 266000
31.8498 212000
32.0578 213000
32.2338 214000
32.3778 215000
32.4898 216000
32.6018 217000
32.7138 218000
32.8098 219000
32.9058 220000
33.0018 221000
33.0978 222000
33.1778 223000
33.2578 224000
33.3378 225000
33.4178 226000
33.4978 227000
33.5778 228000
33.6578 229000
33.7378 230000
33.8178 231000
33.8978 232000
33.9778 233000
34.0578 234000
34.1538 235000
34.2498 236000
34.3458 237000
34.4418 238000
34.5378 239000
34.6338 240000
34.7298 241000
34.8258 242000
34.9218 243000
35.0338 244000
35.1458 245000
35.2578 246000
35.3698 247000
35.4818 248000
35.6098 249000
35.7378 250000
35.8658 251000
36.0098 252000
36.1698 253000
36.3298 254000
36.5058 255000
36.6978 256000
36.8578 204000
37.0498 205000
37.2258 206000
37.3698 207000
37.4818 208000
37.5938 209000
37.7058 210000
37.8018 211000
37.8978 212000
37.9938 213000
38.0898 214000
38.1858 215000
38.2658 216000
38.3458 217000
38.4258 218000
38.5058 219000
38.5858 220000
38.6658 221000
38.7458 222000
38.8258 223000
38.9058 224000
39.0018 225000
39.0978 226000
39.1938 227000
39.2898 228000
39.3858 229000
39.4818 230000
39.5778 231000
39.6738 232000
39.7698 233000
39.8658 234000
39.9778 235000
40.0898 236000
40.2018 237000
40.3138 238000
40.4418 239000
40.5698 240000
40.6978 241000
40.8418 242000
40.9858 243000
41.1458 244000
41.3218 245000
41.5138 246000
41.7218 247000
41.8338 197000
42.0258 198000
42.2018 199000
42.3458 200000
42.4738 201000
42.5858 202000
42.6818 203000
42.7778 204000
42.8738 205000
42.9698 206000
43.0658 207000
43.1458 208000
43.2258 209000
43.3058 210000
43.4018 211000
43.4818 212000
43.5618 213000
43.6418 214000
43.7218 215000
43.8178 216000
43.9138 217000
44.0098 218000
44.1058 219000
44.2018 220000
44.2978 221000
44.3938 222000
44.4898 223000
44.5858 224000
44.6818 225000
44.7778 226000
44.8898 227000
45.0018 228000
45.1138 229000
45.2258 230000
45.3538 231000
45.4818 232000
45.6098 233000
45.7538 234000
45.9138 235000
46.0738 236000
46.2498 237000
46.4418 238000
46.6658 239000
46.9058 240000
47.1938 241000
47.5298 242000
47.9298 243000
48.3298 244000
48.7298 245000
49.0658 246000
49.3538 247000
49.6098 248000
49.8338 249000
50.0418 250000
50.2178 251000
50.3778 252000
50.5218 253000
50.6658 254000
50.8098 255000
50.9538 256000
51.0978 257000
51.2578 258000
51.4178 259000
51.5778 260000
51.7378 261000
51.8978 262000
52.0578 263000
52.2178 264000
52.3778 265000
52.4418 211000
52.6498 212000
52.8258 213000
52.9698 214000
53.0818 215000
53.1938 216000
53.3058 217000
53.4018 218000
53.4978 219000
53.5938 220000
53.6898 221000
53.7698 222000
53.8498 223000
53.9298 224000
54.0098 225000
54.0898 226000
54.1698 227000
54.2498 228000
54.3298 229000
54.4098 230000
54.4898 231000
54.5698 232000
54.6498 233000
54.7458 234000
54.8418 235000
54.9378 236000
55.0338 237000
55.1298 238000
55.2258 239000
55.3218 240000
55.4178 241000
55.5138 242000
55.6258 243000
55.7378 244000
55.8498 245000
55.9618 246000
56.0738 247000
56.2018 248000
56.3298 249000
56.4578 250000
56.6178 199000
56.8098 200000
56.9698 159000
57.1618 160000
57.3378 161000
57.4818 162000
57.5938 163000
57.7058 164000
57.8018 165000
57.8978 166000
57.9938 167000
58.0898 168000
58.1858 169000
58.2818 170000
58.3778 171000
58.4738 172000
58.5698 173000
58.6658 174000
58.7618 175000
58.8578 176000
58.9538 177000
59.0498 178000
59.1458 179000
59.2418 180000
59.3378 181000
59.4498 182000
59.5618 183000
59.6738 184000
59.7858 185000
59.9138 186000
60.0418 187000
60.1698 188000
60.3138 189000
60.4578 190000
60.6178 191000
60.7938 192000
61.0018 193000
61.2258 194000
61.4978 195000
61.8178 196000
62.2178 197000
62.7458 198000
63.2898 199000
63.6898 200000
64.0258 201000
64.2978 202000
64.4258 161000
64.6178 162000
64.6818 129000
64.8738 130000
65.0338 131000
65.1778 132000
65.2418 105000
65.4338 106000
65.5778 107000
65.7058 108000
65.8178 109000
65.9298 110000
66.0418 111000
66.1538 112000
66.2658 113000
66.3778 114000
66.4898 115000
66.6018 116000
66.7138 117000
66.8258 118000
66.9378 119000
67.0498 120000
67.1618 121000
67.2898 122000
67.4178 123000
67.5618 124000
67.7058 125000
67.8818 126000
68.0578 127000
68.2658 128000
68.5378 129000
68.8898 130000
69.4178 131000
70.4738 132000
71.0338 133000
71.4658 134000
71.7698 135000
72.0418 136000
72.2498 137000
72.4258 138000
72.5858 139000
72.7298 140000
72.8578 141000
72.9858 142000
73.0978 143000
73.1938 144000
73.2898 145000
73.3858 146000
73.4818 147000
73.5778 148000
73.6898 118000
73.8435 119000
73.9938 120000
74.1378 121000
74.2658 122000
74.3778 123000
74.4898 124000
74.6018 125000
74.7138 126000
74.8098 127000
74.9058 128000
75.0018 129000
75.0978 130000
75.2098 131000
75.3218 132000
75.4338 133000
75.5458 134000
75.6578 135000
75.7698 136000
75.8978 137000
76.0258 138000
76.1698 139000
76.3138 140000
76.4898 141000
76.6658 142000
76.8578 143000
77.0978 144000
77.4018 145000
77.8018 146000
78.3938 147000
79.2738 148000
79.8658 149000
80.2338 150000
80.5058 151000
80.7458 152000
80.9218 153000
81.0978 154000
81.2578 155000
81.4018 156000
81.5298 157000
81.6418 158000
81.7538 159000
81.8658 160000
81.9618 161000
82.0578 162000
82.1538 163000
82.2498 164000
82.3458 165000
82.4418 166000
82.5378 167000
82.6338 168000
82.7298 169000
82.8258 170000
82.9218 171000
83.0338 172000
83.1458 173000
83.2578 174000
83.3698 175000
83.4818 176000
83.5938 177000
83.7058 178000
83.8178 179000
83.9298 180000
84.0418 181000
84.1538 182000
84.2658 183000
84.3778 184000
84.4898 185000
84.6018 186000
84.7138 187000
84.8258 188000
84.9378 189000
85.0498 190000
85.1618 191000
85.2738 192000
85.3858 193000
85.4978 194000
85.6098 195000
85.7218 196000
85.8338 197000
85.9458 198000
86.0578 199000
86.1698 200000
86.2978 201000
86.4258 202000
86.5538 203000
86.6818 204000
86.8098 205000
86.9378 206000
87.0658 207000
87.1938 208000
87.3218 209000
87.4498 210000
87.5778 211000
87.7058 212000
87.8338 213000
87.9618 214000
88.0898 215000
88.2178 216000
88.3458 217000
88.4738 218000
88.6018 219000
88.7298 220000
88.8578 221000
88.9858 222000
89.1138 223000
89.2418 224000
89.3698 225000
89.4978 226000
89.6258 227000
89.7538 228000
89.8978 229000
90.0418 230000
90.1858 231000
90.3298 232000
90.4738 233000
90.6178 234000
90.7618 235000
90.9058 236000
91.0498 237000
91.1938 238000
91.3378 239000
91.4818 240000
91.6258 241000
91.7698 242000
91.9138 243000
92.0578 244000
92.2018 245000
92.3458 246000
92.4898 247000
92.6338 248000
92.7298 198000
92.9218 199000
93.0978 200000
93.2418 201000
93.3698 202000
93.4818 203000
93.5778 204000
93.6738 205000
93.7698 206000
93.8658 164000
94.0578 165000
94.1858 131000
94.3475 132000
94.5218 133000
94.5538 106000
94.7618 107000
94.9058 108000
95.0338 109000
95.1458 110000
95.2578 111000
95.3698 112000
95.4818 113000
95.5938 114000
95.7058 115000
95.8178 116000
95.9298 117000
96.0418 118000
96.1538 119000
96.2658 120000
96.3778 121000
96.4898 122000
96.6178 123000
96.7458 124000
96.8898 125000
97.0338 126000
97.2098 127000
97.3858 128000
97.4978 102000
97.6898 103000
97.8338 104000
97.9778 105000
98.0258 83000
98.2178 84000
98.3618 85000
98.5058 86000
98.6338 87000
98.7458 88000
98.8578 89000
98.9698 90000
99.0818 91000
99.1938 92000
99.3058 93000
99.4178 94000
99.5298 95000
99.6578 96000
99.8018 97000
99.9458 98000
100.106 99000
100.266 100000
100.474 101000
100.682 102000
100.97 103000
101.386 104000
102.234 105000
103.178 106000
103.802 107000
104.17 108000
104.442 109000
104.586 87000
104.723 88000
104.89 89000
105.034 90000
105.162 91000
105.29 92000
105.402 93000
105.514 94000
105.626 95000
105.738 96000
105.85 97000
105.962 98000
106.09 99000
106.218 79000
106.363 80000
106.522 81000
106.666 82000
106.81 83000
106.922 84000
107.05 85000
107.178 86000
107.306 87000
107.434 88000
107.562 89000
107.69 90000
107.754 71000
107.907 72000
108.058 73000
108.202 74000
108.33 75000
108.458 76000
108.57 77000
108.682 78000
108.794 79000
108.906 80000
109.05 81000
109.194 82000
109.338 83000
109.482 84000
109.658 85000
109.834 86000
110.042 87000
110.282 88000
110.65 89000
111.37 90000
112.73 91000
113.354 92000
113.498 73000
113.643 74000
113.786 75000
113.93 76000
114.058 77000
114.186 78000
114.298 79000
114.41 80000
114.522 81000
114.666 82000
114.81 83000
114.954 84000
115.098 85000
115.242 86000
115.418 87000
115.594 88000
115.786 89000
116.026 90000
116.394 91000
117.13 92000
118.49 93000
118.57 74000
118.723 75000
118.874 76000
119.018 77000
119.146 78000
119.274 79000
119.386 80000
119.498 81000
119.61 82000
119.722 83000
119.866 84000
120.01 85000
120.154 86000
120.298 87000
120.474 88000
120.666 89000
120.858 90000
121.114 91000
121.482 92000
122.234 93000
123.562 94000
124.05 75000
124.133 76000
124.258 77000
124.418 78000
124.562 79000
124.69 80000
124.834 81000
124.978 82000
125.09 83000
125.202 84000
125.346 85000
125.49 86000
125.634 87000
125.778 88000
125.97 89000
126.162 90000
126.354 91000
126.61 92000
126.994 93000
127.746 94000
129.042 95000
129.122 75000
129.275 76000
129.426 77000
129.554 78000
129.682 79000
129.794 80000
129.906 81000
130.018 82000
130.13 83000
130.242 84000
130.37 85000
130.498 86000
130.642 87000
130.786 88000
130.93 70000
131.075 71000
131.218 72000
131.378 73000
131.506 74000
131.634 75000
131.762 76000
131.89 77000
132.018 78000
132.146 79000
132.274 80000
132.418 81000
132.562 82000
132.738 83000
132.914 84000
133.122 85000
133.362 86000
133.714 87000
134.418 88000
135.842 89000
136.386 71000
136.468 72000
136.594 73000
136.77 74000
136.93 75000
137.058 76000
137.186 77000
137.314 78000
137.442 79000
137.57 80000
137.714 81000
137.858 82000
138.002 83000
138.178 84000
138.354 85000
138.594 86000
138.834 87000
139.186 88000
139.698 70000
139.78 71000
139.906 72000
140.082 73000
140.242 74000
140.37 75000
140.498 76000
140.626 77000
140.754 78000
140.882 79000
141.01 80000
141.154 81000
141.298 82000
141.474 83000
141.65 84000
141.89 85000
142.13 86000
142.482 87000
143.186 88000
144.21 70000
144.292 71000
144.418 72000
144.594 73000
144.754 74000
144.866 59000
145.019 60000
145.186 61000
145.314 62000
145.442 63000
145.57 64000
145.714 65000
145.858 66000
146.002 67000
146.146 68000
146.29 69000
146.482 70000
146.674 71000
146.85 56000
146.971 57000
147.09 58000
147.25 59000
147.394 60000
147.522 61000
147.65 62000
147.778 63000
147.906 64000
148.05 65000
148.226 66000
148.434 52000
148.539 53000
148.69 54000
148.85 55000
148.994 56000
149.122 57000
149.25 58000
149.394 59000
149.554 60000
149.73 61000
149.906 62000
150.082 63000
150.338 64000
150.61 65000
151.138 66000
153.074 67000
153.618 68000
153.906 69000
154.178 70000
154.37 71000
154.546 72000
154.706 73000
154.834 74000
154.962 75000
155.074 76000
155.186 77000
155.282 78000
155.378 79000
155.458 80000
155.554 81000
155.634 82000
155.714 83000
155.794 84000
155.874 85000
155.938 86000
156.002 87000
156.066 88000
156.13 89000
156.194 90000
156.258 91000
156.322 92000
156.386 93000
156.45 94000
156.514 95000
156.578 96000
156.642 97000
156.706 98000
156.77 99000
156.834 100000
156.898 101000
156.962 102000
157.026 103000
157.09 104000
157.154 105000
157.218 106000
157.282 107000
157.346 108000
157.41 109000
157.474 110000
157.538 111000
157.602 112000
157.666 113000
157.73 90000
157.922 91000
158.082 92000
158.21 93000
158.322 94000
158.434 95000
158.546 96000
158.658 97000
158.77 98000
158.882 99000
158.994 100000
159.122 101000
159.25 102000
159.378 103000
159.506 104000
159.65 105000
159.794 106000
159.954 84000
160.083 85000
160.226 86000
160.37 87000
160.498 88000
160.626 89000
160.738 90000
160.85 91000
160.962 92000
161.074 93000
161.186 94000
161.298 95000
161.426 96000
161.57 97000
161.714 98000
161.858 99000
162.018 100000
162.194 101000
162.402 102000
162.61 103000
162.898 104000
163.33 105000
164.178 106000
165.122 107000
165.714 108000
166.082 109000
166.354 110000
166.578 111000
166.77 112000
166.93 113000
167.074 114000
167.202 115000
167.314 116000
167.426 117000
167.522 118000
167.618 119000
167.714 120000
167.81 121000
167.89 122000
167.97 123000
168.05 124000
168.13 125000
168.21 126000
168.29 127000
168.37 128000
168.45 129000
168.53 130000
168.61 131000
168.69 132000
168.77 133000
168.85 134000
168.93 135000
169.01 136000
169.09 137000
169.17 138000
169.25 139000
169.33 140000
169.41 141000
169.49 142000
169.57 143000
169.682 114000
169.835 115000
170.018 116000
170.162 117000
170.29 118000
170.402 94000
170.578 95000
170.738 96000
170.882 97000
170.994 98000
171.122 99000
171.234 100000
171.346 101000
171.458 102000
171.57 103000
171.682 104000
171.794 105000
171.906 106000
172.018 107000
172.146 108000
172.274 109000
172.402 110000
172.546 87000
172.683 88000
172.85 89000
172.994 90000
173.106 71000
173.251 72000
173.394 73000
173.538 74000
173.666 75000
173.794 76000
173.906 77000
174.018 78000
174.13 79000
174.258 80000
174.402 81000
174.546 82000
174.69 83000
174.834 84000
175.01 85000
175.186 86000
175.394 87000
175.634 88000
176.002 89000
176.722 90000
178.082 91000
178.706 92000
179.042 93000
179.298 94000
179.49 95000
179.666 96000
179.826 97000
179.97 98000
180.098 99000
180.21 100000
180.322 101000
180.434 102000
180.53 103000
180.626 104000
180.706 105000
180.786 106000
180.866 107000
180.946 108000
181.026 109000
181.09 110000
181.154 111000
181.186 88000
181.378 89000
181.522 90000
181.65 91000
181.778 92000
181.89 93000
182.002 94000
182.114 95000
182.226 96000
182.338 97000
182.45 98000
182.578 99000
182.706 100000
182.834 101000
182.962 102000
183.106 103000
183.25 104000
183.394 105000
183.57 106000
183.746 107000
183.97 108000
184.274 109000
184.674 87000
184.756 88000
184.914 89000
185.058 90000
185.202 91000
185.33 92000
185.458 93000
185.57 94000
185.682 95000
185.794 96000
185.906 97000
186.018 98000
186.162 99000
186.306 100000
186.45 101000
186.594 102000
186.77 103000
186.946 104000
187.122 105000
187.346 106000
187.634 107000
188.066 108000
188.946 109000
189.826 110000
190.45 111000
190.802 88000
190.907 89000
191.058 90000
191.218 91000
191.346 92000
191.474 93000
191.586 94000
191.698 95000
191.81 96000
191.922 97000
192.034 98000
192.162 99000
192.29 100000
192.418 101000
192.546 102000
192.69 103000
192.834 104000
192.978 105000
193.154 106000
193.33 107000
193.554 108000
193.858 109000
194.306 110000
195.202 111000
195.842 88000
195.924 89000
196.082 90000
196.242 91000
196.37 92000
196.498 93000
196.61 94000
196.722 95000
196.834 96000
196.946 97000
197.058 98000
197.186 99000
197.314 100000
197.442 101000
197.57 102000
197.714 103000
197.858 104000
198.002 105000
198.178 106000
198.354 107000
198.53 85000
198.651 86000
198.786 87000
198.93 88000
199.074 89000
199.202 90000
199.314 91000
199.426 92000
199.538 93000
199.65 94000
199.762 95000
199.858 75000
200.003 76000
200.146 77000
200.29 78000
200.418 79000
200.53 80000
200.642 81000
200.754 82000
200.866 83000
200.978 84000
201.106 85000
201.234 86000
201.378 87000
201.522 88000
201.666 89000
201.842 90000
202.034 91000
202.226 92000
202.482 93000
202.866 94000
203.33 75000
203.412 76000
203.538 77000
203.698 78000
203.842 79000
203.97 80000
204.114 81000
204.258 82000
204.37 83000
204.482 84000
204.626 85000
204.77 86000
204.914 87000
205.058 88000
205.25 89000
205.442 90000
205.634 91000
205.89 92000
206.274 93000
206.306 74000
206.498 75000
206.658 76000
206.786 77000
206.914 78000
207.026 79000
207.138 80000
207.25 81000
207.362 82000
207.474 83000
207.618 84000
207.762 85000
207.906 86000
208.05 87000
208.226 88000
208.418 89000
208.61 90000
208.866 91000
209.234 92000
209.986 93000
211.298 74000
211.38 75000
211.506 76000
211.666 77000
211.81 78000
211.938 79000
212.066 80000
212.21 81000
212.322 82000
212.466 83000
212.61 84000
212.658 67000
212.819 68000
212.882 54000
213.058 55000
213.218 56000
213.346 57000
213.474 58000
213.602 59000
213.73 60000
213.858 61000
214.002 62000
214.178 63000
214.354 64000
214.53 65000
214.802 66000
215.074 67000
215.618 68000
217.522 69000
217.698 55000
217.811 56000
217.954 57000
218.114 45000
218.223 46000
218.354 47000
218.53 48000
218.674 49000
218.818 50000
218.962 51000
219.106 52000
219.282 53000
219.506 54000
219.73 55000
219.954 56000
220.418 57000
222.578 58000
223.058 59000
223.394 60000
223.65 61000
223.826 62000
224.002 63000
224.146 64000
224.29 65000
224.402 66000
224.514 67000
224.626 68000
224.722 69000
224.818 70000
224.914 71000
225.01 72000
225.09 73000
225.17 74000
225.25 75000
225.33 76000
225.41 77000
225.474 78000
225.538 79000
225.602 80000
225.682 63000
225.827 64000
225.986 65000
226.13 66000
226.242 67000
226.354 68000
226.466 69000
226.578 70000
226.722 71000
226.866 72000
227.026 73000
227.186 74000
227.346 75000
227.506 76000
227.714 77000
227.922 78000
228.242 79000
228.386 63000
228.531 64000
228.69 65000
228.834 66000
228.978 67000
229.09 68000
229.234 69000
229.346 70000
229.49 71000
229.634 72000
229.794 73000
229.954 74000
230.114 75000
230.322 76000
230.53 77000
230.85 78000
231.49 79000
233.17 80000
233.762 81000
234.098 82000
234.322 83000
234.53 84000
234.706 85000
234.85 86000
234.994 87000
235.122 88000
235.234 89000
235.346 90000
235.442 91000
235.538 92000
235.634 93000
235.714 94000
235.794 95000
235.874 96000
235.954 97000
236.034 98000
236.114 99000
236.178 100000
236.242 101000
236.306 102000
236.37 103000
236.434 104000
236.498 105000
236.562 106000
236.626 107000
236.69 108000
236.754 109000
236.818 110000
236.882 111000
236.946 112000
237.01 113000
237.074 114000
237.154 115000
237.234 116000
237.314 117000
237.394 118000
237.474 119000
237.554 120000
237.634 121000
237.714 122000
237.794 123000
237.874 124000
237.954 125000
238.034 126000
238.114 127000
238.194 128000
238.274 129000
238.354 130000
238.434 131000
238.514 132000
238.594 133000
238.674 134000
238.754 135000
238.834 136000
238.914 137000
238.994 138000
239.074 139000
239.154 140000
239.234 141000
239.314 142000
239.394 143000
239.49 144000
239.586 145000
239.682 146000
239.778 147000
239.874 148000
239.97 149000
240.066 150000
240.162 151000
240.258 152000
240.354 153000
240.45 154000
240.546 155000
240.642 156000
240.738 157000
240.834 158000
240.93 159000
241.026 160000
241.122 161000
241.218 162000
241.282 129000
241.474 130000
241.634 131000
241.778 132000
241.89 133000
242.002 134000
242.114 135000
242.226 136000
242.322 137000
242.418 138000
242.514 139000
242.61 140000
242.706 141000
242.802 142000
242.898 143000
242.994 144000
243.106 145000
243.218 146000
243.33 147000
243.442 148000
243.554 149000
243.682 150000
243.81 151000
243.938 152000
244.082 153000
244.242 154000
244.402 155000
244.594 156000
244.818 157000
245.074 158000
245.394 159000
245.826 160000
246.322 127000
246.427 128000
246.578 129000
246.738 130000
246.882 131000
246.994 132000
247.106 133000
247.218 134000
247.33 135000
247.426 136000
247.522 137000
247.618 138000
247.714 139000
247.81 140000
247.906 141000
248.002 142000
248.098 143000
248.21 144000
248.322 145000
248.434 146000
248.546 147000
248.674 148000
248.802 149000
248.946 150000
249.09 151000
249.25 152000
249.41 153000
249.586 154000
249.794 155000
250.05 156000
250.37 157000
250.802 158000
251.442 159000
252.082 160000
252.642 161000
252.722 128000
252.914 129000
253.074 130000
253.218 131000
253.33 132000
253.442 133000
253.554 134000
253.666 135000
253.762 136000
253.858 137000
253.954 138000
254.05 139000
254.146 140000
254.242 141000
254.338 142000
254.434 143000
254.53 144000
254.642 145000
254.754 146000
254.866 147000
254.978 148000
255.106 149000
255.234 150000
255.378 151000
255.522 152000
255.682 153000
255.842 154000
256.034 155000
256.242 156000
256.498 157000
256.818 158000
257.25 159000
257.89 160000
258.226 127000
258.339 128000
258.498 129000
258.658 130000
258.786 131000
258.898 132000
259.01 133000
259.122 134000
259.234 135000
259.33 136000
259.426 137000
259.522 138000
259.618 139000
259.714 140000
259.81 141000
259.906 142000
260.002 143000
260.114 144000
260.226 145000
260.338 146000
260.45 147000
260.578 148000
260.706 149000
260.85 150000
260.994 151000
261.154 152000
261.314 153000
261.49 154000
261.698 155000
261.954 156000
262.274 157000
262.706 158000
263.346 159000
263.986 160000
264.434 127000
264.547 128000
264.706 129000
264.866 130000
264.994 131000
265.106 132000
265.218 133000
265.33 134000
265.442 135000
265.538 136000
265.602 108000
265.778 109000
265.906 87000
266.051 88000
266.226 89000
266.37 90000
266.498 91000
266.61 92000
266.722 93000
266.834 94000
266.946 95000
267.058 96000
267.17 97000
267.282 98000
267.41 99000
267.554 100000
267.698 101000
267.842 102000
268.018 103000
268.098 82000
268.259 83000
268.434 84000
268.578 85000
268.706 86000
268.818 87000
268.93 88000
269.042 89000
269.154 90000
269.266 91000
269.378 92000
269.506 93000
269.634 94000
269.762 95000
269.906 96000
270.066 97000
270.226 98000
270.434 99000
270.642 100000
270.914 101000
271.33 102000
272.162 103000
273.202 104000
273.346 83000
273.491 84000
273.65 85000
273.794 86000
273.922 87000
274.05 88000
274.162 89000
274.274 90000
274.386 91000
274.498 92000
274.626 93000
274.754 94000
274.882 95000
275.01 96000
275.154 97000
275.314 98000
275.474 99000
275.682 100000
275.89 101000
276.162 102000
276.578 103000
277.41 104000
278.45 105000
279.042 106000
279.41 107000
279.682 108000
279.906 109000
280.082 110000
280.242 111000
280.37 112000
280.514 113000
280.642 114000
280.754 115000
280.85 116000
280.946 117000
281.042 118000
281.122 119000
281.202 120000
281.282 121000
281.362 122000
281.442 123000
281.522 124000
281.602 125000
281.682 126000
281.762 127000
281.842 128000
281.922 129000
282.002 130000
282.082 131000
282.162 132000
282.242 133000
282.322 134000
282.402 135000
282.482 136000
282.562 137000
282.642 138000
282.722 139000
282.802 140000
282.882 141000
282.962 142000
283.042 143000
283.138 144000
283.234 145000
283.33 146000
283.426 147000
283.522 148000
283.618 149000
283.714 150000
283.81 151000
283.906 152000
284.002 153000
284.098 154000
284.194 155000
284.29 156000
284.386 157000
284.482 158000
284.578 159000
284.674 160000
284.77 161000
284.866 162000
284.962 163000
285.058 164000
285.154 165000
285.25 166000
285.346 167000
285.442 168000
285.538 169000
285.634 170000
285.73 171000
285.842 172000
285.954 173000
286.066 174000
286.178 175000
286.29 176000
286.402 177000
286.482 141000
286.674 142000
286.85 143000
286.978 144000
287.106 145000
287.218 146000
287.33 147000
287.426 148000
287.522 149000
287.618 150000
287.714 151000
287.81 152000
287.906 153000
288.002 154000
288.098 155000
288.194 156000
288.29 157000
288.386 158000
288.418 126000
288.61 127000
288.77 128000
288.802 102000
288.994 103000
289.138 104000
289.282 105000
289.41 106000
289.522 107000
289.634 108000
289.746 109000
289.858 110000
289.97 111000
290.082 112000
290.194 113000
290.306 114000
290.418 115000
290.53 116000
290.658 117000
290.786 118000
290.914 119000
291.058 120000
291.202 121000
291.378 122000
291.554 123000
291.762 124000
292.018 125000
292.354 126000
292.866 127000
293.698 101000
293.78 102000
293.938 103000
294.114 104000
294.242 105000
294.37 106000
294.482 107000
294.594 108000
294.706 109000
294.818 110000
294.93 111000
295.042 112000
295.154 113000
295.266 114000
295.394 115000
295.522 116000
295.65 117000
295.778 118000
295.922 119000
296.066 120000
296.242 121000
296.418 122000
296.626 123000
296.882 124000
297.218 125000
297.73 126000
298.754 127000
299.074 101000
299.187 102000
299.346 103000
299.49 104000
299.618 105000
299.746 106000
299.858 107000
299.97 108000
300.082 109000
300.194 110000
300.306 111000
300.418 112000
300.53 113000
300.642 114000
300.77 115000
300.898 116000
301.01 92000
301.171 93000
301.33 94000
301.458 95000
301.586 96000
301.698 97000
301.81 98000
301.922 99000
302.034 100000
302.146 101000
302.258 102000
302.37 103000
302.482 104000
302.61 105000
302.738 106000
302.866 107000
302.994 108000
303.154 109000
303.314 110000
303.506 111000
303.698 112000
303.938 113000
304.242 114000
304.706 115000
305.634 116000
306.578 117000
307.058 118000
307.378 119000
307.618 120000
307.826 121000
308.002 122000
308.034 97000
308.226 98000
308.386 99000
308.53 100000
308.658 101000
308.77 102000
308.882 103000
308.994 104000
309.09 105000
309.202 106000
309.314 107000
309.426 108000
309.474 86000
309.666 87000
309.81 88000
309.954 89000
310.082 90000
310.194 91000
310.306 92000
310.418 93000
310.53 94000
310.642 95000
310.754 96000
310.866 97000
310.978 98000
311.122 99000
311.266 100000
311.41 101000
311.586 102000
311.762 103000
311.826 82000
312.002 83000
312.146 84000
312.306 67000
312.451 68000
312.626 69000
312.77 70000
312.898 55000
313.035 56000
313.17 57000
313.314 58000
313.442 59000
313.57 60000
313.698 61000
313.826 62000
313.954 63000
314.098 50000
314.219 51000
314.386 40000
314.499 41000
314.626 42000
314.802 43000
314.946 44000
315.09 45000
315.282 35000
315.395 36000
315.506 37000
315.666 38000
315.826 39000
315.986 40000
316.162 41000
316.338 42000
316.514 43000
316.85 44000
317.218 45000
319.57 46000
319.954 47000
320.114 37000
320.227 38000
320.338 39000
320.498 40000
320.674 41000
320.85 42000
321.026 43000
321.202 44000
321.394 45000
321.698 46000
322.082 47000
322.306 37000
322.419 38000
322.53 39000
322.69 40000
322.866 41000
323.042 42000
323.218 43000
323.394 44000
323.586 45000
323.89 46000
324.194 36000
324.296 37000
324.402 38000
324.562 39000
324.722 40000
324.898 41000
325.074 42000
325.25 43000
325.426 44000
325.762 45000
326.13 46000
328.482 47000
328.866 48000
329.266 49000
329.474 50000
329.602 39000
329.715 40000
329.842 41000
330.018 42000
330.162 43000
330.306 44000
330.482 45000
330.658 46000
330.85 47000
331.042 48000
331.282 49000
331.682 50000
333.97 51000
334.386 52000
334.786 53000
335.01 54000
335.218 55000
335.378 56000
335.538 57000
335.666 58000
335.794 59000
335.906 60000
336.018 61000
336.13 62000
336.226 63000
336.306 64000
336.386 65000
336.466 66000
336.546 67000
336.626 68000
336.706 69000
336.77 70000
336.834 71000
336.898 72000
336.962 73000
337.026 74000
337.09 75000
337.154 76000
337.218 77000
337.266 78000
337.33 79000
337.378 80000
337.426 81000
337.474 82000
337.522 83000
337.57 84000
337.618 85000
337.666 86000
337.73 87000
337.794 88000
337.858 89000
337.922 90000
337.986 91000
338.05 92000
338.114 93000
338.178 94000
338.242 95000
338.306 96000
338.37 97000
338.434 98000
338.498 99000
338.562 100000
338.626 101000
338.69 102000
338.754 103000
338.818 104000
338.882 105000
338.946 106000
339.01 107000
339.074 108000
339.138 109000
339.202 110000
339.266 111000
339.33 112000
339.394 113000
339.458 114000
339.538 115000
339.618 116000
339.698 117000
339.778 118000
339.858 119000
339.938 120000
340.018 121000
340.098 122000
340.178 123000
340.258 124000
340.338 125000
340.418 126000
340.498 127000
340.578 128000
340.658 102000
340.85 103000
340.994 104000
341.138 105000
341.266 106000
341.378 107000
341.49 108000
341.602 109000
341.714 110000
341.826 111000
341.938 112000
342.05 113000
342.162 114000
342.274 115000
342.386 116000
342.514 117000
342.642 118000
342.77 119000
342.914 120000
343.058 121000
343.234 122000
343.41 123000
343.618 124000
343.874 125000
344.21 126000
344.722 127000
345.746 128000
346.402 129000
346.546 103000
346.707 104000
346.882 105000
347.026 106000
347.154 107000
347.266 108000
347.378 109000
347.49 110000
347.602 111000
347.714 112000
347.826 113000
347.938 114000
348.05 115000
348.162 116000
348.274 117000
348.402 118000
348.53 119000
348.658 120000
348.802 121000
348.946 122000
349.122 123000
349.298 124000
349.506 125000
349.762 126000
350.114 127000
350.626 128000
350.85 102000
350.971 103000
351.122 104000
351.266 105000
351.394 106000
351.522 107000
351.634 108000
351.746 109000
351.858 110000
351.97 111000
352.082 112000
352.194 113000
352.306 114000
352.418 115000
352.546 116000
352.674 117000
352.802 118000
352.93 119000
353.074 120000
353.122 95000
353.314 96000
353.474 97000
353.618 98000
353.746 99000
353.858 100000
353.97 101000
354.082 102000
354.178 103000
354.29 104000
354.386 105000
354.498 106000
354.61 107000
354.722 108000
354.834 109000
354.946 110000
355.074 111000
355.202 112000
355.362 113000
355.522 114000
355.714 115000
355.842 91000
355.995 92000
356.138 93000
356.282 94000
356.41 95000
356.522 96000
356.634 97000
356.746 98000
356.858 99000
356.97 100000
357.082 101000
357.194 102000
357.306 103000
357.434 104000
357.562 105000
357.69 106000
357.818 107000
357.962 108000
358.122 109000
358.298 110000
358.49 111000
358.714 112000
359.018 113000
359.482 114000
360.41 115000
361.338 116000
361.642 92000
361.755 93000
361.898 94000
362.058 95000
362.186 96000
362.298 97000
362.41 98000
362.538 99000
362.65 100000
362.762 101000
362.874 102000
362.986 103000
363.098 104000
363.226 105000
363.354 106000
363.482 107000
363.61 108000
363.77 109000
363.93 110000
364.122 111000
364.314 112000
364.554 113000
364.794 90000
364.907 91000
365.05 92000
365.21 93000
365.338 94000
365.466 95000
365.578 96000
365.69 97000
365.802 98000
365.93 99000
366.058 100000
366.186 101000
366.314 102000
366.442 103000
366.57 104000
366.714 105000
366.858 106000
367.002 107000
367.178 108000
367.354 109000
367.578 110000
367.882 111000
368.33 112000
369.242 113000
370.154 114000
370.618 115000
370.986 116000
371.258 117000
371.498 118000
371.674 119000
371.834 120000
371.978 121000
372.106 122000
372.218 123000
372.33 124000
372.442 125000
372.538 126000
372.634 127000
372.73 128000
372.81 129000
372.89 130000
372.97 131000
373.05 132000
373.13 133000
373.21 134000
373.29 135000
373.37 136000
373.45 137000
373.53 138000
373.61 139000
373.69 140000
373.77 141000
373.85 142000
373.93 143000
374.026 144000
374.122 145000
374.218 146000
374.314 147000
374.41 148000
374.506 149000
374.602 150000
374.698 151000
374.794 152000
374.89 153000
374.986 154000
375.082 155000
375.178 156000
375.274 124000
375.466 125000
375.61 126000
375.738 127000
375.866 128000
375.978 129000
376.09 130000
376.186 131000
376.282 132000
376.394 133000
376.49 134000
376.586 135000
376.682 136000
376.778 137000
376.874 138000
376.986 139000
377.098 140000
377.21 141000
377.322 142000
377.434 143000
377.562 144000
377.69 145000
377.834 146000
377.978 147000
378.138 148000
378.298 149000
378.474 150000
378.682 151000
378.938 152000
379.258 153000
379.674 154000
380.298 155000
380.954 156000
381.546 124000
381.628 125000
381.786 126000
381.946 127000
382.074 128000
382.202 129000
382.314 130000
382.426 131000
382.522 132000
382.634 133000
382.746 134000
382.858 135000
382.954 136000
383.05 137000
383.146 138000
383.258 139000
383.37 140000
383.482 141000
383.594 142000
383.706 143000
383.834 144000
383.962 145000
384.106 146000
384.25 147000
384.41 148000
384.57 149000
384.746 150000
384.954 151000
385.21 152000
385.53 153000
385.946 154000
386.57 155000
387.226 156000
387.818 157000
388.138 125000
388.243 126000
388.354 100000
388.499 101000
388.658 102000
388.802 103000
388.93 104000
389.042 105000
389.154 106000
389.266 107000
389.378 108000
389.49 109000
389.602 110000
389.714 111000
389.826 112000
389.938 113000
390.05 114000
390.178 115000
390.306 116000
390.434 117000
390.578 118000
390.722 119000
390.882 120000
391.058 121000
391.266 122000
391.522 123000
391.858 124000
392.37 125000
393.378 126000
394.098 127000
394.53 128000
394.834 129000
395.106 130000
395.314 131000
395.49 132000
395.65 133000
395.794 134000
395.922 135000
396.034 136000
396.146 137000
396.242 138000
396.338 139000
396.434 140000
396.53 141000
396.61 142000
396.69 143000
396.786 144000
396.882 145000
396.978 146000
397.074 147000
397.17 148000
397.266 149000
397.362 150000
397.458 151000
397.554 152000
397.65 153000
397.746 154000
397.842 155000
397.938 156000
398.034 157000
398.13 158000
398.226 159000
398.322 160000
398.426 127000
398.618 128000
398.778 129000
398.922 130000
399.034 131000
399.146 132000
399.258 133000
399.37 134000
399.466 135000
399.562 136000
399.658 137000
399.754 138000
399.85 139000
399.946 140000
400.042 111000
400.195 112000
400.378 113000
400.522 114000
400.65 115000
400.762 116000
400.874 117000
400.97 118000
401.066 119000
401.162 120000
401.274 121000
401.386 122000
401.498 123000
401.61 124000
401.722 125000
401.834 126000
401.946 127000
402.058 128000
402.186 129000
402.314 130000
402.458 131000
402.602 132000
402.762 133000
402.842 106000
403.034 107000
403.178 108000
403.306 109000
403.418 110000
403.53 111000
403.642 112000
403.754 113000
403.866 114000
403.978 115000
404.09 116000
404.202 117000
404.314 118000
404.426 119000
404.538 120000
404.65 121000
404.762 122000
404.89 123000
405.018 124000
405.162 125000
405.306 126000
405.482 127000
405.658 128000
405.866 129000
406.138 130000
406.49 131000
407.018 132000
408.09 133000
408.25 106000
408.411 107000
408.586 108000
408.714 109000
408.826 110000
408.874 87000
409.066 88000
409.21 89000
409.338 90000
409.466 91000
409.578 92000
409.69 93000
409.802 94000
409.914 95000
410.026 96000
410.138 97000
410.25 98000
410.378 99000
410.506 100000
410.634 101000
410.778 102000
410.922 103000
411.018 82000
411.171 83000
411.338 84000
411.482 85000
411.61 86000
411.738 87000
411.85 88000
411.962 89000
412.074 90000
412.154 71000
412.299 72000
412.442 73000
412.586 74000
412.714 75000
412.842 76000
412.954 77000
413.066 78000
413.178 79000
413.306 80000
413.45 81000
413.594 82000
413.738 83000
413.882 84000
414.058 85000
414.234 86000
414.442 87000
414.682 88000
415.05 89000
415.77 90000
417.13 91000
417.754 92000
418.09 93000
418.346 94000
418.538 95000
418.714 96000
418.874 97000
419.018 98000
419.146 99000
419.258 100000
419.37 101000
419.482 102000
419.578 103000
419.674 104000
419.754 105000
419.834 106000
419.914 107000
419.994 108000
420.074 109000
420.138 110000
420.202 111000
420.266 112000
420.33 113000
420.394 114000
420.474 115000
420.554 116000
420.634 117000
420.714 118000
420.794 119000
420.874 120000
420.954 121000
421.034 122000
421.114 123000
421.194 124000
421.274 125000
421.354 126000
421.434 127000
421.514 128000
421.594 129000
421.674 130000
421.754 131000
421.834 132000
421.914 133000
421.994 134000
422.074 135000
422.154 136000
422.234 137000
422.314 138000
422.394 139000
422.474 140000
422.554 141000
422.634 142000
422.714 143000
422.81 144000
422.906 145000
423.002 146000
423.098 147000
423.194 148000
423.29 149000
423.386 150000
423.482 151000
423.578 152000
423.674 153000
423.77 154000
423.866 155000
423.962 156000
424.058 157000
424.154 158000
424.25 159000
424.346 160000
424.442 161000
424.538 162000
424.634 163000
424.73 164000
424.826 165000
424.922 166000
425.018 167000
425.114 168000
425.21 169000
425.306 170000
425.402 171000
425.514 172000
425.626 173000
425.738 174000
425.85 175000
425.962 176000
426.074 177000
426.186 178000
426.298 179000
426.41 180000
426.522 181000
426.634 182000
426.746 183000
426.858 184000
426.97 185000
427.082 186000
427.194 187000
427.306 188000
427.418 189000
427.514 151000
427.706 152000
427.866 153000
428.01 154000
428.138 155000
428.25 156000
428.362 157000
428.474 158000
428.57 159000
428.666 160000
428.762 161000
428.858 162000
428.954 163000
429.05 164000
429.146 165000
429.242 166000
429.338 167000
429.434 168000
429.53 169000
429.626 170000
429.738 171000
429.85 172000
429.962 173000
430.074 174000
430.186 175000
430.314 176000
430.442 177000
430.586 178000
430.73 179000
430.874 180000
431.05 181000
431.242 182000
431.466 183000
431.722 184000
432.026 185000
432.41 186000
432.922 187000
433.45 188000
433.962 189000
434.346 190000
434.666 191000
434.794 152000
434.986 153000
435.146 154000
435.29 155000
435.418 156000
435.53 157000
435.642 158000
435.738 159000
435.834 160000
435.93 161000
436.026 162000
436.122 163000
436.218 164000
436.314 165000
436.41 166000
436.506 167000
436.602 168000
436.698 169000
436.794 170000
436.89 171000
436.986 172000
437.098 173000
437.21 174000
437.322 175000
437.434 176000
437.546 177000
437.674 178000
437.802 179000
437.946 180000
438.01 143000
438.202 144000
438.378 145000
438.522 146000
438.634 147000
438.746 148000
438.858 149000
438.954 150000
439.05 151000
439.146 152000
439.242 153000
439.338 154000
439.434 155000
439.53 156000
439.626 157000
439.722 158000
439.818 159000
439.914 160000
440.01 161000
440.106 162000
440.218 163000
440.33 164000
440.442 165000
440.554 166000
440.666 167000
440.794 168000
440.922 169000
441.066 170000
441.21 171000
441.37 172000
441.546 173000
441.754 174000
441.994 175000
442.282 176000
442.65 177000
443.13 178000
443.85 179000
444.33 180000
444.698 181000
445.002 182000
445.258 183000
445.482 184000
445.674 185000
445.85 186000
446.01 187000
446.154 188000
446.282 189000
446.394 190000
446.506 191000
446.618 192000
446.73 193000
446.842 194000
446.954 195000
447.066 196000
447.178 197000
447.29 198000
447.402 199000
447.514 200000
447.642 201000
447.77 202000
447.898 203000
448.026 204000
448.154 205000
448.282 206000
448.41 207000
448.538 208000
448.666 209000
448.794 210000
448.922 211000
448.986 168000
449.178 169000
449.354 170000
449.498 171000
449.626 172000
449.738 173000
449.85 174000
449.946 175000
450.042 176000
450.138 177000
450.234 178000
450.314 179000
450.394 180000
450.49 181000
450.586 182000
450.682 183000
450.778 184000
450.874 185000
450.97 186000
451.066 187000
451.162 188000
451.258 189000
451.354 190000
451.45 191000
451.546 192000
451.658 193000
451.77 194000
451.882 195000
451.994 196000
452.122 197000
452.25 198000
452.394 199000
452.538 200000
452.698 201000
452.874 202000
453.066 203000
453.274 204000
453.514 205000
453.802 206000
454.138 207000
454.554 208000
455.082 166000
455.164 167000
455.322 168000
455.498 169000
455.642 170000
455.77 171000
455.882 172000
455.994 173000
456.09 174000
456.186 175000
456.282 176000
456.346 140000
456.538 141000
456.714 142000
456.842 143000
456.874 114000
457.098 115000
457.242 116000
457.386 117000
457.498 118000
457.61 119000
457.722 120000
457.834 121000
457.946 122000
458.042 123000
458.138 124000
458.25 125000
458.346 126000
458.458 127000
458.57 128000
458.682 129000
458.794 130000
458.906 131000
459.034 132000
459.162 133000
459.306 134000
459.45 135000
459.61 136000
459.77 137000
459.962 138000
460.186 139000
460.474 140000
460.858 141000
461.018 112000
461.163 113000
461.338 114000
461.482 115000
461.61 116000
461.722 117000
461.834 118000
461.93 119000
462.026 120000
462.106 95000
462.298 96000
462.458 97000
462.602 98000
462.73 99000
462.842 100000
462.954 101000
463.066 102000
463.162 103000
463.274 104000
463.322 83000
463.514 84000
463.658 85000
463.802 86000
463.93 87000
464.042 88000
464.154 89000
464.266 90000
464.378 91000
464.49 92000
464.602 93000
464.73 94000
464.858 95000
464.986 96000
465.13 97000
465.29 98000
465.45 99000
465.658 100000
465.866 101000
466.138 102000
466.554 103000
467.386 104000
468.426 105000
469.018 106000
469.386 107000
469.658 108000
469.882 109000
470.058 110000
470.218 111000
470.346 112000
470.49 113000
470.538 90000
470.73 91000
470.89 92000
471.018 93000
471.13 94000
471.242 95000
471.354 96000
471.466 97000
471.578 98000
471.69 99000
471.802 100000
471.93 101000
472.058 102000
472.186 103000
472.314 104000
472.458 105000
472.57 83000
472.715 84000
472.874 85000
473.018 86000
473.146 87000
473.274 88000
473.386 89000
473.498 90000
473.61 91000
473.722 92000
473.834 93000
473.946 94000
474.058 95000
474.186 96000
474.33 97000
474.474 98000
474.634 99000
474.794 100000
475.002 101000
475.21 102000
475.498 103000
475.914 104000
476.762 105000
477.738 106000
478.338 107000
478.362 85000
478.554 86000
478.698 87000
478.842 88000
478.97 89000
479.082 90000
479.194 91000
479.306 92000
479.418 93000
479.53 94000
479.642 95000
479.754 96000
479.866 97000
480.01 98000
480.154 99000
480.298 100000
480.474 101000
480.65 102000
480.826 103000
481.034 104000
481.322 105000
481.754 106000
481.946 84000
482.059 85000
482.202 86000
482.346 87000
482.49 88000
482.618 89000
482.73 90000
482.842 91000
482.954 92000
483.034 73000
483.187 74000
483.338 75000
483.482 76000
483.61 77000
483.738 78000
483.85 79000
483.962 80000
484.074 81000
484.186 82000
484.33 83000
484.474 84000
484.618 85000
484.762 86000
484.938 87000
485.114 88000
485.322 89000
485.562 90000
485.93 91000
486.666 92000
488.026 93000
488.618 94000
488.986 95000
489.242 96000
489.45 97000
489.61 98000
489.754 99000
489.898 100000
490.026 101000
490.138 102000
490.25 103000
490.362 104000
490.458 105000
490.554 106000
490.634 84000
490.81 85000
490.954 86000
491.098 87000
491.226 88000
491.338 89000
491.45 90000
491.562 91000
491.674 92000
491.786 93000
491.898 94000
491.978 75000
492.131 76000
492.282 77000
492.426 78000
492.554 79000
492.682 80000
492.794 81000
492.874 64000
493.019 65000
493.178 66000
493.322 67000
493.37 53000
493.562 54000
493.722 55000
493.834 56000
493.962 57000
494.09 58000
494.218 59000
494.346 60000
494.49 61000
494.666 62000
494.842 63000
495.018 64000
495.29 65000
495.562 66000
496.106 67000
498.01 68000
498.57 69000
498.858 70000
499.098 71000
499.29 72000
499.466 73000
499.626 74000
499.754 75000
499.834 59000
499.979 60000
500.138 61000
500.266 62000
500.33 49000
500.491 50000
500.634 51000
500.778 52000
500.922 53000
501.066 54000
501.21 55000
501.37 56000
501.53 57000
501.69 58000
501.85 59000
502.09 60000
502.346 61000
502.842 62000
504.874 63000
505.386 64000
505.69 51000
505.772 52000
505.914 53000
506.058 54000
506.218 55000
506.378 56000
506.538 57000
506.698 58000
506.858 59000
507.018 60000
507.194 61000
507.45 62000
507.706 63000
508.218 64000
510.25 65000
510.778 66000
511.05 67000
511.322 68000
511.514 69000
511.706 70000
511.85 71000
511.994 72000
512.122 73000
512.234 74000
512.346 75000
512.458 76000
512.554 77000
512.634 78000
512.714 79000
512.794 80000
512.874 81000
512.954 82000
513.034 83000
513.114 84000
513.178 85000
513.242 86000
513.306 87000
513.37 88000
513.434 89000
513.498 90000
513.562 91000
513.626 92000
513.69 93000
513.754 94000
513.818 95000
513.882 96000
513.946 97000
514.01 98000
514.074 99000
514.138 100000
514.202 101000
514.266 102000
514.33 103000
514.394 104000
514.458 105000
514.522 106000
514.586 107000
514.65 108000
514.714 109000
514.778 110000
514.842 111000
514.906 112000
514.97 113000
515.034 114000
515.114 115000
515.178 91000
515.37 92000
515.53 93000
515.658 94000
515.77 95000
515.882 96000
515.994 97000
516.106 98000
516.218 99000
516.33 100000
516.442 101000
516.554 102000
516.666 103000
516.778 104000
516.906 105000
517.034 106000
517.162 107000
517.306 108000
517.418 86000
517.571 87000
517.738 88000
517.882 89000
518.01 90000
518.122 91000
518.234 92000
518.346 93000
518.458 94000
518.57 95000
518.682 96000
518.794 97000
518.906 98000
519.05 99000
519.194 100000
519.338 101000
519.514 102000
519.69 103000
519.866 104000
520.09 105000
520.378 106000
520.81 107000
521.674 108000
522.586 109000
523.178 110000
523.546 111000
523.818 112000
524.058 113000
524.234 114000
524.394 115000
524.538 116000
524.682 92000
524.827 93000
524.97 94000
525.114 95000
525.242 96000
525.354 97000
525.466 98000
525.578 99000
525.69 100000
525.802 101000
525.914 102000
526.026 103000
526.138 82000
526.291 83000
526.458 84000
526.602 85000
526.73 86000
526.858 87000
526.97 88000
527.082 89000
527.194 90000
527.306 71000
527.451 72000
527.594 73000
527.738 74000
527.866 75000
527.994 76000
528.106 77000
528.218 78000
528.33 79000
528.458 80000
528.538 63000
529.506 1000
529.874 2000
529.957 3000
530.041 4000
530.122 5000
530.126 6000
530.206 7000
530.209 8000
530.213 9000
530.289 10000
530.293 11000
530.296 12000
530.3 13000
530.371 14000
530.375 15000
530.378 16000
530.381 17000
530.385 18000
530.388 19000
530.453 20000
530.456 21000
530.46 22000
530.463 23000
530.466 24000
530.47 25000
530.473 26000
530.477 27000
530.48 28000
530.535 29000
530.538 30000
530.541 31000
530.545 32000
530.548 33000
530.552 34000
530.555 35000
530.558 36000
530.562 37000
530.565 38000
530.568 39000
530.572 40000
530.575 41000
530.579 42000
530.618 43000
530.622 44000
530.625 45000
530.628 46000
530.632 47000
530.635 48000
530.638 49000
530.642 50000
530.672 51000
530.794 52000
530.938 53000
531.082 54000
531.242 55000
531.402 56000
531.562 57000
531.722 58000
531.882 59000
532.058 60000
532.314 61000
532.57 62000
533.082 63000
535.114 64000
535.642 65000
535.914 66000
536.186 67000
536.378 68000
536.57 69000
536.714 70000
536.858 71000
536.986 72000
537.098 73000
537.21 74000
537.322 75000
537.418 76000
537.498 77000
537.578 78000
537.658 79000
537.738 80000
537.818 81000
537.898 82000
537.978 83000
538.042 84000
538.106 85000
538.17 86000
538.234 87000
538.298 88000
538.362 89000
538.426 90000
538.49 91000
538.554 92000
538.618 93000
538.682 94000
538.746 95000
538.81 96000
538.874 97000
538.938 98000
539.002 99000
539.066 100000
539.13 101000
539.194 102000
539.258 103000
539.322 104000
539.386 105000
539.45 106000
539.514 107000
539.578 108000
539.642 109000
539.706 110000
539.77 111000
539.834 112000
539.898 113000
539.962 114000
540.042 115000
540.122 116000
540.202 117000
540.282 118000
540.362 119000
540.442 120000
540.522 121000
540.602 122000
540.666 97000
540.858 98000
541.018 99000
541.162 100000
541.29 101000
541.402 102000
541.514 103000
541.626 104000
541.722 105000
541.834 106000
541.93 107000
542.042 108000
542.154 109000
542.266 110000
542.378 111000
542.49 112000
542.634 113000
542.778 114000
542.922 115000
543.082 116000
543.274 117000
543.466 118000
543.706 119000
544.026 120000
544.522 121000
545.498 122000
546.346 123000
546.81 124000
547.114 125000
547.354 126000
547.562 127000
547.738 128000
547.898 129000
548.042 130000
548.17 131000
548.282 132000
548.394 133000
548.506 134000
548.602 135000
548.698 136000
548.778 137000
548.858 138000
548.938 139000
549.018 140000
549.098 141000
549.178 142000
549.258 143000
549.354 144000
549.45 145000
549.546 146000
549.642 147000
549.738 148000
549.834 149000
549.93 150000
550.026 151000
550.122 152000
550.218 153000
550.314 154000
550.41 155000
550.506 156000
550.602 157000
550.698 158000
550.794 159000
550.89 160000
550.986 161000
551.082 162000
551.178 163000
551.274 164000
551.37 165000
551.466 166000
551.562 167000
551.658 168000
551.754 169000
551.786 135000
551.994 136000
552.154 137000
552.282 138000
552.394 139000
552.506 140000
552.618 141000
552.714 142000
552.81 143000
552.906 144000
553.002 145000
553.098 146000
553.194 147000
553.29 148000
553.386 149000
553.482 150000
553.594 151000
553.706 152000
553.818 153000
553.93 154000
554.042 155000
554.17 156000
554.298 157000
554.426 158000
554.554 159000
554.698 160000
554.842 161000
555.018 162000
555.21 163000
555.434 164000
555.706 165000
556.042 166000
556.49 167000
557.162 168000
557.85 169000
558.314 170000
558.65 171000
558.89 172000
559.098 173000
559.306 174000
559.466 175000
559.61 176000
559.754 177000
559.882 178000
559.994 179000
560.106 180000
560.218 181000
560.33 182000
560.442 183000
560.554 184000
560.666 185000
560.778 186000
560.89 187000
561.002 188000
561.114 189000
561.226 190000
561.338 191000
561.45 192000
561.562 193000
561.674 194000
561.786 195000
561.898 196000
562.01 197000
562.122 198000
562.234 199000
562.346 200000
562.474 201000
562.602 202000
562.73 203000
562.858 204000
562.986 205000
563.114 206000
563.242 207000
563.37 208000
563.498 209000
563.626 210000
563.754 211000
563.882 212000
564.01 213000
564.138 214000
564.266 215000
564.394 216000
564.522 217000
564.65 218000
564.778 219000
564.906 220000
565.034 221000
565.162 222000
565.29 223000
565.418 224000
565.546 225000
565.674 226000
565.802 227000
565.93 228000
566.074 229000
566.218 230000
566.362 231000
566.506 232000
566.65 233000
566.794 234000
566.938 235000
567.082 236000
567.226 237000
567.37 238000
567.514 239000
567.658 240000
567.802 241000
567.946 242000
568.09 243000
568.234 244000
568.378 245000
568.522 246000
568.666 247000
568.81 248000
568.954 249000
569.098 250000
569.242 251000
569.386 252000
569.53 253000
569.674 254000
569.818 255000
569.962 256000
570.106 257000
570.266 258000
570.426 259000
570.586 260000
570.746 261000
570.906 262000
571.066 263000
571.226 264000
571.322 211000
571.514 212000
571.69 213000
571.834 214000
571.962 215000
572.074 216000
572.186 217000
572.282 218000
572.378 219000
572.474 220000
572.57 221000
572.666 222000
572.746 223000
572.826 224000
572.906 225000
572.986 226000
573.066 227000
573.146 228000
573.226 229000
573.306 230000
573.402 231000
573.498 232000
573.594 233000
573.69 234000
573.786 235000
573.882 236000
573.978 237000
574.074 238000
574.17 239000
574.266 240000
574.362 241000
574.474 242000
574.586 243000
574.698 244000
574.81 245000
574.922 246000
575.05 247000
575.178 248000
575.306 249000
575.45 250000
575.594 251000
575.754 252000
575.93 253000
576.122 254000
576.33 255000
576.57 256000
576.842 257000
577.146 258000
577.498 259000
577.85 260000
578.202 261000
578.554 262000
578.858 263000
579.13 264000
579.354 265000
579.562 266000
579.754 267000
579.93 268000
580.09 269000
580.25 270000
580.41 271000
580.57 272000
580.73 273000
580.89 274000
581.05 275000
581.21 276000
581.37 277000
581.53 278000
581.69 279000
581.85 280000
582.01 281000
582.17 282000
582.33 283000
582.49 284000
582.65 285000
582.826 286000
583.002 287000
583.178 288000
583.354 289000
583.53 290000
583.706 291000
583.882 292000
584.058 293000
584.234 294000
584.41 295000
584.586 296000
584.762 297000
584.938 298000
585.114 299000
585.29 300000
585.466 301000
585.642 302000
585.818 303000
585.994 304000
586.17 305000
586.346 306000
586.522 307000
586.698 308000
586.874 309000
587.05 310000
587.226 311000
587.402 312000
587.578 313000
587.754 314000
587.946 315000
588.138 316000
588.33 317000
588.522 318000
588.714 319000
588.906 320000
589.098 321000
589.29 322000
589.482 323000
589.674 324000
589.866 325000
590.058 326000
590.25 327000
590.442 328000
590.634 329000
590.826 330000
591.018 331000
591.21 332000
591.402 333000
591.594 334000
591.786 335000
591.978 336000
592.17 337000
592.362 338000
592.554 339000
592.746 340000
592.938 341000
593.13 342000
593.338 343000
593.546 344000
593.754 345000
593.962 346000
594.17 347000
594.378 348000
594.586 349000
594.794 350000
594.906 279000
595.098 280000
595.274 281000
595.418 282000
595.546 283000
595.658 284000
595.77 285000
595.866 286000
595.962 287000
596.058 288000
596.138 289000
596.218 290000
596.298 291000
596.378 292000
596.458 293000
596.538 294000
596.618 295000
596.698 296000
596.778 297000
596.858 298000
596.938 299000
597.018 300000
597.098 301000
597.178 302000
597.258 303000
597.338 304000
597.418 305000
597.498 306000
597.578 307000
597.658 308000
597.738 309000
597.818 310000
597.898 311000
597.978 312000
598.058 313000
598.138 314000
598.218 315000
598.314 316000
598.41 317000
598.506 318000
598.602 319000
598.682 255000
598.906 256000
599.082 257000
599.226 258000
599.354 259000
599.466 260000
599.562 261000
599.658 262000
599.754 263000
599.85 264000
599.946 265000
600.026 266000
