set title 'ssthresh of Cubic'
set xlabel 'Time (s)'
set ylabel 'Ssthresh'
plot '-' title 'ssthresh' with lines
0.280186 4294967295
12.6658 619000
13.9298 500000
16.2658 418000
23.2738 393000
23.5778 315000
24.8258 259000
29.4978 243000
31.8498 212000
36.8578 204000
41.8338 197000
52.4418 211000
56.6178 199000
56.9698 159000
64.4258 161000
64.6818 129000
65.2418 105000
73.6898 118000
92.7298 198000
93.8658 164000
94.1858 131000
94.5538 106000
97.4978 102000
98.0258 83000
104.586 87000
106.218 79000
107.754 71000
113.498 73000
118.57 74000
124.05 75000
130.93 70000
136.386 71000
139.698 70000
144.866 59000
146.85 56000
148.434 52000
157.73 90000
159.954 84000
169.682 114000
170.402 94000
172.546 87000
173.106 71000
181.186 88000
184.674 87000
190.802 88000
198.53 85000
199.858 75000
206.306 74000
212.658 67000
212.882 54000
217.698 55000
218.114 45000
225.682 63000
241.282 129000
246.322 127000
252.722 128000
258.226 127000
265.602 108000
265.906 87000
268.098 82000
273.346 83000
286.482 141000
288.418 126000
288.802 102000
293.698 101000
301.01 92000
308.034 97000
309.474 86000
311.826 82000
312.306 67000
312.898 55000
314.098 50000
314.386 40000
315.282 35000
320.114 37000
324.194 36000
329.602 39000
340.658 102000
346.546 103000
350.85 102000
353.122 95000
355.842 91000
361.642 92000
364.794 90000
375.274 124000
388.138 125000
388.354 100000
398.426 127000
400.042 111000
402.842 106000
408.874 87000
411.018 82000
412.154 71000
427.514 151000
434.794 152000
438.01 143000
448.986 168000
455.082 166000
456.346 140000
456.874 114000
461.018 112000
462.106 95000
463.322 83000
470.538 90000
472.57 83000
478.362 85000
481.946 84000
483.034 73000
490.634 84000
491.978 75000
492.874 64000
493.37 53000
499.834 59000
500.33 49000
505.69 51000
515.178 91000
517.418 86000
524.682 92000
526.138 82000
527.306 71000
528.538 63000
529.506 50000
540.666 97000
551.786 135000
571.322 211000
594.906 279000
598.682 255000
